#################################################################
# If you used AutoDock Vina in your work, please cite:          #
#                                                               #
# O. Trott, A. J. Olson,                                        #
# AutoDock Vina: improving the speed and accuracy of docking    #
# with a new scoring function, efficient optimization and       #
# multithreading, Journal of Computational Chemistry 31 (2010)  #
# 455-461                                                       #
#                                                               #
# DOI 10.1002/jcc.21334                                         #
#                                                               #
# Please see http://vina.scripps.edu for more information.      #
#################################################################

Reading input ... done.
Setting up the scoring function ... done.
Analyzing the binding site ... done.
Using random seed: -1136270168
Performing search ... done.
Refining results ... done.

mode |   affinity | dist from best mode
     | (kcal/mol) | rmsd l.b.| rmsd u.b.
-----+------------+----------+----------
   1         -8.0      0.000      0.000
   2         -7.6     12.722     14.563
   3         -7.6      1.278      4.614
   4         -7.5      1.674      4.376
   5         -7.5     12.472     14.475
   6         -7.3      9.964     13.055
   7         -7.2      2.501      4.536
   8         -7.0      2.139      4.314
   9         -6.9      2.069      5.814
Writing output ... done.
