#################################################################
# If you used AutoDock Vina in your work, please cite:          #
#                                                               #
# O. Trott, A. J. Olson,                                        #
# AutoDock Vina: improving the speed and accuracy of docking    #
# with a new scoring function, efficient optimization and       #
# multithreading, Journal of Computational Chemistry 31 (2010)  #
# 455-461                                                       #
#                                                               #
# DOI 10.1002/jcc.21334                                         #
#                                                               #
# Please see http://vina.scripps.edu for more information.      #
#################################################################

Reading input ... done.
Setting up the scoring function ... done.
Analyzing the binding site ... done.
Using random seed: -790044170
Performing search ... done.
Refining results ... done.

mode |   affinity | dist from best mode
     | (kcal/mol) | rmsd l.b.| rmsd u.b.
-----+------------+----------+----------
   1        -12.3      0.000      0.000
   2        -11.7      1.207      1.758
   3        -10.9      1.131      1.630
   4        -10.6      1.931      2.390
   5        -10.5      3.337      6.447
   6        -10.0      2.164      4.160
   7         -9.9      4.755     13.311
   8         -9.8      1.501      2.404
   9         -9.6      6.342     14.134
Writing output ... done.
