Wed Sep 21 12:52:01 CDT 2022
c736.oscer.ou.edu
INFO:root:Loading weights from /home/van/.cache/omegafold_ckpt/model.pt
INFO:root:Constructing OmegaFold
INFO:root:Reading chaina.fa
INFO:root:Predicting 1th chain in chaina.fa
INFO:root:58 residues in this chain.
INFO:root:Finished prediction in 8.04 seconds.
INFO:root:Saving prediction to ./chaind.pdb
INFO:root:Saved
INFO:root:Predicting 2th chain in chaina.fa
INFO:root:67 residues in this chain.
INFO:root:Finished prediction in 5.24 seconds.
INFO:root:Saving prediction to ./chainc.pdb
INFO:root:Saved
INFO:root:Predicting 3th chain in chaina.fa
INFO:root:108 residues in this chain.
INFO:root:Finished prediction in 5.32 seconds.
INFO:root:Saving prediction to ./chainb.pdb
INFO:root:Saved
INFO:root:Predicting 4th chain in chaina.fa
INFO:root:127 residues in this chain.
INFO:root:Finished prediction in 5.24 seconds.
INFO:root:Saving prediction to ./chainf.pdb
INFO:root:Saved
INFO:root:Predicting 5th chain in chaina.fa
INFO:root:133 residues in this chain.
INFO:root:Finished prediction in 5.48 seconds.
INFO:root:Saving prediction to ./chainh.pdb
INFO:root:Saved
INFO:root:Predicting 6th chain in chaina.fa
INFO:root:148 residues in this chain.
INFO:root:Finished prediction in 6.10 seconds.
INFO:root:Saving prediction to ./chainj.pdb
INFO:root:Saved
INFO:root:Predicting 7th chain in chaina.fa
INFO:root:150 residues in this chain.
INFO:root:Finished prediction in 6.65 seconds.
INFO:root:Saving prediction to ./chaine.pdb
INFO:root:Saved
INFO:root:Predicting 8th chain in chaina.fa
INFO:root:204 residues in this chain.
INFO:root:Finished prediction in 11.09 seconds.
INFO:root:Saving prediction to ./chaink.pdb
INFO:root:Saved
INFO:root:Predicting 9th chain in chaina.fa
INFO:root:210 residues in this chain.
INFO:root:Finished prediction in 12.38 seconds.
INFO:root:Saving prediction to ./chaing.pdb
INFO:root:Saved
INFO:root:Predicting 10th chain in chaina.fa
INFO:root:316 residues in this chain.
INFO:root:Finished prediction in 28.26 seconds.
INFO:root:Saving prediction to ./chaino.pdb
INFO:root:Saved
INFO:root:Predicting 11th chain in chaina.fa
INFO:root:346 residues in this chain.
INFO:root:Finished prediction in 36.72 seconds.
INFO:root:Saving prediction to ./chaini.pdb
INFO:root:Saved
INFO:root:Predicting 12th chain in chaina.fa
INFO:root:398 residues in this chain.
INFO:root:Finished prediction in 52.14 seconds.
INFO:root:Saving prediction to ./chainm.pdb
INFO:root:Saved
INFO:root:Predicting 13th chain in chaina.fa
INFO:root:534 residues in this chain.
