Wed Sep 21 13:01:43 CDT 2022
c736.oscer.ou.edu
INFO:root:Loading weights from /home/van/.cache/omegafold_ckpt/model.pt
INFO:root:Constructing OmegaFold
INFO:root:Reading chaina.fa
INFO:root:Predicting 1th chain in chaina.fa
INFO:root:1390 residues in this chain.
INFO:root:Loading weights from /home/van/.cache/omegafold_ckpt/model.pt
INFO:root:Constructing OmegaFold
INFO:root:Reading chainj.fa
INFO:root:Predicting 1th chain in chainj.fa
INFO:root:148 residues in this chain.
INFO:root:Finished prediction in 6.41 seconds.
INFO:root:Saving prediction to ./chainj.pdb
INFO:root:Saved
INFO:root:Done!
INFO:root:Loading weights from /home/van/.cache/omegafold_ckpt/model.pt
INFO:root:Constructing OmegaFold
INFO:root:Reading chaink.fa
INFO:root:Predicting 1th chain in chaink.fa
INFO:root:204 residues in this chain.
INFO:root:Finished prediction in 11.19 seconds.
INFO:root:Saving prediction to ./chaink.pdb
INFO:root:Saved
INFO:root:Done!
INFO:root:Loading weights from /home/van/.cache/omegafold_ckpt/model.pt
INFO:root:Constructing OmegaFold
INFO:root:Reading chainl.fa
INFO:root:Predicting 1th chain in chainl.fa
INFO:root:708 residues in this chain.
INFO:root:Finished prediction in 212.71 seconds.
INFO:root:Saving prediction to ./chainl.pdb
INFO:root:Saved
INFO:root:Done!
INFO:root:Loading weights from /home/van/.cache/omegafold_ckpt/model.pt
INFO:root:Constructing OmegaFold
INFO:root:Reading chainm.fa
INFO:root:Predicting 1th chain in chainm.fa
INFO:root:398 residues in this chain.
INFO:root:Finished prediction in 51.70 seconds.
INFO:root:Saving prediction to ./chainm.pdb
INFO:root:Saved
INFO:root:Done!
INFO:root:Loading weights from /home/van/.cache/omegafold_ckpt/model.pt
INFO:root:Constructing OmegaFold
INFO:root:Reading chainn.fa
INFO:root:Predicting 1th chain in chainn.fa
INFO:root:1133 residues in this chain.
INFO:root:Loading weights from /home/van/.cache/omegafold_ckpt/model.pt
INFO:root:Constructing OmegaFold
INFO:root:Reading chaino.fa
INFO:root:Predicting 1th chain in chaino.fa
INFO:root:316 residues in this chain.
INFO:root:Finished prediction in 28.29 seconds.
INFO:root:Saving prediction to ./chaino.pdb
INFO:root:Saved
INFO:root:Done!
INFO:root:Loading weights from /home/van/.cache/omegafold_ckpt/model.pt
INFO:root:Constructing OmegaFold
INFO:root:Reading chainp.fa
INFO:root:Predicting 1th chain in chainp.fa
INFO:root:534 residues in this chain.
INFO:root:Finished prediction in 108.18 seconds.
INFO:root:Saving prediction to ./chainp.pdb
INFO:root:Saved
INFO:root:Done!
INFO:root:Loading weights from /home/van/.cache/omegafold_ckpt/model.pt
INFO:root:Constructing OmegaFold
INFO:root:Reading chainb.fa
INFO:root:Predicting 1th chain in chainb.fa
INFO:root:108 residues in this chain.
INFO:root:Finished prediction in 5.36 seconds.
INFO:root:Saving prediction to ./chainb.pdb
INFO:root:Saved
INFO:root:Done!
INFO:root:Loading weights from /home/van/.cache/omegafold_ckpt/model.pt
INFO:root:Constructing OmegaFold
INFO:root:Reading chainc.fa
INFO:root:Predicting 1th chain in chainc.fa
INFO:root:67 residues in this chain.
INFO:root:Finished prediction in 5.06 seconds.
INFO:root:Saving prediction to ./chainc.pdb
INFO:root:Saved
INFO:root:Done!
INFO:root:Loading weights from /home/van/.cache/omegafold_ckpt/model.pt
INFO:root:Constructing OmegaFold
INFO:root:Reading chaind.fa
INFO:root:Predicting 1th chain in chaind.fa
INFO:root:58 residues in this chain.
INFO:root:Finished prediction in 5.26 seconds.
INFO:root:Saving prediction to ./chaind.pdb
INFO:root:Saved
INFO:root:Done!
INFO:root:Loading weights from /home/van/.cache/omegafold_ckpt/model.pt
INFO:root:Constructing OmegaFold
INFO:root:Reading chaine.fa
INFO:root:Predicting 1th chain in chaine.fa
INFO:root:150 residues in this chain.
INFO:root:Finished prediction in 6.75 seconds.
INFO:root:Saving prediction to ./chaine.pdb
INFO:root:Saved
INFO:root:Done!
INFO:root:Loading weights from /home/van/.cache/omegafold_ckpt/model.pt
INFO:root:Constructing OmegaFold
INFO:root:Reading chainf.fa
INFO:root:Predicting 1th chain in chainf.fa
INFO:root:127 residues in this chain.
INFO:root:Finished prediction in 5.90 seconds.
INFO:root:Saving prediction to ./chainf.pdb
INFO:root:Saved
INFO:root:Done!
INFO:root:Loading weights from /home/van/.cache/omegafold_ckpt/model.pt
INFO:root:Constructing OmegaFold
INFO:root:Reading chaing.fa
INFO:root:Predicting 1th chain in chaing.fa
INFO:root:210 residues in this chain.
INFO:root:Finished prediction in 12.42 seconds.
INFO:root:Saving prediction to ./chaing.pdb
INFO:root:Saved
INFO:root:Done!
INFO:root:Loading weights from /home/van/.cache/omegafold_ckpt/model.pt
INFO:root:Constructing OmegaFold
INFO:root:Reading chainh.fa
INFO:root:Predicting 1th chain in chainh.fa
INFO:root:133 residues in this chain.
INFO:root:Finished prediction in 5.58 seconds.
INFO:root:Saving prediction to ./chainh.pdb
INFO:root:Saved
INFO:root:Done!
INFO:root:Loading weights from /home/van/.cache/omegafold_ckpt/model.pt
INFO:root:Constructing OmegaFold
INFO:root:Reading chaini.fa
INFO:root:Predicting 1th chain in chaini.fa
INFO:root:346 residues in this chain.
INFO:root:Finished prediction in 36.31 seconds.
INFO:root:Saving prediction to ./chaini.pdb
INFO:root:Saved
INFO:root:Done!
Wed Sep 21 13:23:35 CDT 2022
