Traceback (most recent call last):
  File "/ourdisk/hpc/ccats/dont_archive/van/.Programs/miniconda3/envs/omegafold/bin/omegafold", line 33, in <module>
    sys.exit(load_entry_point('OmegaFold==0.0.0', 'console_scripts', 'omegafold')())
  File "/ourdisk/hpc/ccats/dont_archive/van/.Programs/miniconda3/envs/omegafold/lib/python3.9/site-packages/torch/autograd/grad_mode.py", line 28, in decorate_context
    return func(*args, **kwargs)
  File "/ourdisk/hpc/ccats/dont_archive/van/.Programs/miniconda3/envs/omegafold/lib/python3.9/site-packages/OmegaFold-0.0.0-py3.9.egg/omegafold/__main__.py", line 74, in main
  File "/ourdisk/hpc/ccats/dont_archive/van/.Programs/miniconda3/envs/omegafold/lib/python3.9/site-packages/torch/nn/modules/module.py", line 1051, in _call_impl
    return forward_call(*input, **kwargs)
  File "/ourdisk/hpc/ccats/dont_archive/van/.Programs/miniconda3/envs/omegafold/lib/python3.9/site-packages/OmegaFold-0.0.0-py3.9.egg/omegafold/model.py", line 175, in forward
  File "/ourdisk/hpc/ccats/dont_archive/van/.Programs/miniconda3/envs/omegafold/lib/python3.9/site-packages/torch/nn/modules/module.py", line 1051, in _call_impl
    return forward_call(*input, **kwargs)
  File "/ourdisk/hpc/ccats/dont_archive/van/.Programs/miniconda3/envs/omegafold/lib/python3.9/site-packages/OmegaFold-0.0.0-py3.9.egg/omegafold/model.py", line 89, in forward
  File "/ourdisk/hpc/ccats/dont_archive/van/.Programs/miniconda3/envs/omegafold/lib/python3.9/site-packages/torch/nn/modules/module.py", line 1051, in _call_impl
    return forward_call(*input, **kwargs)
  File "/ourdisk/hpc/ccats/dont_archive/van/.Programs/miniconda3/envs/omegafold/lib/python3.9/site-packages/OmegaFold-0.0.0-py3.9.egg/omegafold/geoformer.py", line 175, in forward
  File "/ourdisk/hpc/ccats/dont_archive/van/.Programs/miniconda3/envs/omegafold/lib/python3.9/site-packages/torch/nn/modules/module.py", line 1051, in _call_impl
    return forward_call(*input, **kwargs)
  File "/ourdisk/hpc/ccats/dont_archive/van/.Programs/miniconda3/envs/omegafold/lib/python3.9/site-packages/OmegaFold-0.0.0-py3.9.egg/omegafold/geoformer.py", line 122, in forward
  File "/ourdisk/hpc/ccats/dont_archive/van/.Programs/miniconda3/envs/omegafold/lib/python3.9/site-packages/torch/nn/modules/module.py", line 1051, in _call_impl
    return forward_call(*input, **kwargs)
  File "/ourdisk/hpc/ccats/dont_archive/van/.Programs/miniconda3/envs/omegafold/lib/python3.9/site-packages/OmegaFold-0.0.0-py3.9.egg/omegafold/modules.py", line 677, in forward
  File "/ourdisk/hpc/ccats/dont_archive/van/.Programs/miniconda3/envs/omegafold/lib/python3.9/site-packages/OmegaFold-0.0.0-py3.9.egg/omegafold/modules.py", line 607, in _get_attended
  File "/ourdisk/hpc/ccats/dont_archive/van/.Programs/miniconda3/envs/omegafold/lib/python3.9/site-packages/torch/nn/modules/module.py", line 1051, in _call_impl
    return forward_call(*input, **kwargs)
  File "/ourdisk/hpc/ccats/dont_archive/van/.Programs/miniconda3/envs/omegafold/lib/python3.9/site-packages/OmegaFold-0.0.0-py3.9.egg/omegafold/modules.py", line 431, in forward
  File "/ourdisk/hpc/ccats/dont_archive/van/.Programs/miniconda3/envs/omegafold/lib/python3.9/site-packages/OmegaFold-0.0.0-py3.9.egg/omegafold/modules.py", line 455, in _get_attn_out
  File "/ourdisk/hpc/ccats/dont_archive/van/.Programs/miniconda3/envs/omegafold/lib/python3.9/site-packages/OmegaFold-0.0.0-py3.9.egg/omegafold/modules.py", line 156, in attention
  File "/ourdisk/hpc/ccats/dont_archive/van/.Programs/miniconda3/envs/omegafold/lib/python3.9/site-packages/OmegaFold-0.0.0-py3.9.egg/omegafold/modules.py", line 93, in _attention
  File "/ourdisk/hpc/ccats/dont_archive/van/.Programs/miniconda3/envs/omegafold/lib/python3.9/site-packages/torch/functional.py", line 299, in einsum
    return _VF.einsum(equation, operands)  # type: ignore[attr-defined]
RuntimeError: CUDA out of memory. Tried to allocate 80.04 GiB (GPU 0; 39.45 GiB total capacity; 23.31 GiB already allocated; 14.24 GiB free; 23.57 GiB reserved in total by PyTorch)
Traceback (most recent call last):
  File "/ourdisk/hpc/ccats/dont_archive/van/.Programs/miniconda3/envs/omegafold/bin/omegafold", line 33, in <module>
    sys.exit(load_entry_point('OmegaFold==0.0.0', 'console_scripts', 'omegafold')())
  File "/ourdisk/hpc/ccats/dont_archive/van/.Programs/miniconda3/envs/omegafold/lib/python3.9/site-packages/torch/autograd/grad_mode.py", line 28, in decorate_context
    return func(*args, **kwargs)
  File "/ourdisk/hpc/ccats/dont_archive/van/.Programs/miniconda3/envs/omegafold/lib/python3.9/site-packages/OmegaFold-0.0.0-py3.9.egg/omegafold/__main__.py", line 74, in main
  File "/ourdisk/hpc/ccats/dont_archive/van/.Programs/miniconda3/envs/omegafold/lib/python3.9/site-packages/torch/nn/modules/module.py", line 1051, in _call_impl
    return forward_call(*input, **kwargs)
  File "/ourdisk/hpc/ccats/dont_archive/van/.Programs/miniconda3/envs/omegafold/lib/python3.9/site-packages/OmegaFold-0.0.0-py3.9.egg/omegafold/model.py", line 175, in forward
  File "/ourdisk/hpc/ccats/dont_archive/van/.Programs/miniconda3/envs/omegafold/lib/python3.9/site-packages/torch/nn/modules/module.py", line 1051, in _call_impl
    return forward_call(*input, **kwargs)
  File "/ourdisk/hpc/ccats/dont_archive/van/.Programs/miniconda3/envs/omegafold/lib/python3.9/site-packages/OmegaFold-0.0.0-py3.9.egg/omegafold/model.py", line 89, in forward
  File "/ourdisk/hpc/ccats/dont_archive/van/.Programs/miniconda3/envs/omegafold/lib/python3.9/site-packages/torch/nn/modules/module.py", line 1051, in _call_impl
    return forward_call(*input, **kwargs)
  File "/ourdisk/hpc/ccats/dont_archive/van/.Programs/miniconda3/envs/omegafold/lib/python3.9/site-packages/OmegaFold-0.0.0-py3.9.egg/omegafold/geoformer.py", line 175, in forward
  File "/ourdisk/hpc/ccats/dont_archive/van/.Programs/miniconda3/envs/omegafold/lib/python3.9/site-packages/torch/nn/modules/module.py", line 1051, in _call_impl
    return forward_call(*input, **kwargs)
  File "/ourdisk/hpc/ccats/dont_archive/van/.Programs/miniconda3/envs/omegafold/lib/python3.9/site-packages/OmegaFold-0.0.0-py3.9.egg/omegafold/geoformer.py", line 122, in forward
  File "/ourdisk/hpc/ccats/dont_archive/van/.Programs/miniconda3/envs/omegafold/lib/python3.9/site-packages/torch/nn/modules/module.py", line 1051, in _call_impl
    return forward_call(*input, **kwargs)
  File "/ourdisk/hpc/ccats/dont_archive/van/.Programs/miniconda3/envs/omegafold/lib/python3.9/site-packages/OmegaFold-0.0.0-py3.9.egg/omegafold/modules.py", line 677, in forward
  File "/ourdisk/hpc/ccats/dont_archive/van/.Programs/miniconda3/envs/omegafold/lib/python3.9/site-packages/OmegaFold-0.0.0-py3.9.egg/omegafold/modules.py", line 607, in _get_attended
  File "/ourdisk/hpc/ccats/dont_archive/van/.Programs/miniconda3/envs/omegafold/lib/python3.9/site-packages/torch/nn/modules/module.py", line 1051, in _call_impl
    return forward_call(*input, **kwargs)
  File "/ourdisk/hpc/ccats/dont_archive/van/.Programs/miniconda3/envs/omegafold/lib/python3.9/site-packages/OmegaFold-0.0.0-py3.9.egg/omegafold/modules.py", line 431, in forward
  File "/ourdisk/hpc/ccats/dont_archive/van/.Programs/miniconda3/envs/omegafold/lib/python3.9/site-packages/OmegaFold-0.0.0-py3.9.egg/omegafold/modules.py", line 455, in _get_attn_out
  File "/ourdisk/hpc/ccats/dont_archive/van/.Programs/miniconda3/envs/omegafold/lib/python3.9/site-packages/OmegaFold-0.0.0-py3.9.egg/omegafold/modules.py", line 156, in attention
  File "/ourdisk/hpc/ccats/dont_archive/van/.Programs/miniconda3/envs/omegafold/lib/python3.9/site-packages/OmegaFold-0.0.0-py3.9.egg/omegafold/modules.py", line 93, in _attention
  File "/ourdisk/hpc/ccats/dont_archive/van/.Programs/miniconda3/envs/omegafold/lib/python3.9/site-packages/torch/functional.py", line 299, in einsum
    return _VF.einsum(equation, operands)  # type: ignore[attr-defined]
RuntimeError: CUDA out of memory. Tried to allocate 43.35 GiB (GPU 0; 39.45 GiB total capacity; 16.49 GiB already allocated; 21.08 GiB free; 16.74 GiB reserved in total by PyTorch)
