#################################################################
# If you used AutoDock Vina in your work, please cite:          #
#                                                               #
# O. Trott, A. J. Olson,                                        #
# AutoDock Vina: improving the speed and accuracy of docking    #
# with a new scoring function, efficient optimization and       #
# multithreading, Journal of Computational Chemistry 31 (2010)  #
# 455-461                                                       #
#                                                               #
# DOI 10.1002/jcc.21334                                         #
#                                                               #
# Please see http://vina.scripps.edu for more information.      #
#################################################################

Reading input ... done.
Setting up the scoring function ... done.
Analyzing the binding site ... done.
Using random seed: 509329125
Performing search ... done.
Refining results ... done.

mode |   affinity | dist from best mode
     | (kcal/mol) | rmsd l.b.| rmsd u.b.
-----+------------+----------+----------
   1         -3.8      0.000      0.000
   2         -3.8      2.020      2.879
   3         -3.6     12.119     12.819
   4         -3.6      1.307      3.979
   5         -3.5      1.628      3.857
   6         -3.5     11.427     12.230
   7         -3.4     11.886     13.006
   8         -3.4     11.894     12.741
   9         -3.4      2.008      2.231
Writing output ... done.
