#################################################################
# If you used AutoDock Vina in your work, please cite:          #
#                                                               #
# O. Trott, A. J. Olson,                                        #
# AutoDock Vina: improving the speed and accuracy of docking    #
# with a new scoring function, efficient optimization and       #
# multithreading, Journal of Computational Chemistry 31 (2010)  #
# 455-461                                                       #
#                                                               #
# DOI 10.1002/jcc.21334                                         #
#                                                               #
# Please see http://vina.scripps.edu for more information.      #
#################################################################

Reading input ... done.
Setting up the scoring function ... done.
Analyzing the binding site ... done.
Using random seed: 1397861392
Performing search ... done.
Refining results ... done.

mode |   affinity | dist from best mode
     | (kcal/mol) | rmsd l.b.| rmsd u.b.
-----+------------+----------+----------
   1         -3.8      0.000      0.000
   2         -3.7      2.029      3.003
   3         -3.7      1.352      4.139
   4         -3.6     11.456     12.224
   5         -3.5     12.264     12.945
   6         -3.5      1.998      2.200
   7         -3.4      1.999      3.993
   8         -3.4     10.936     11.798
   9         -3.3     12.028     13.100
Writing output ... done.
