#################################################################
# If you used AutoDock Vina in your work, please cite:          #
#                                                               #
# O. Trott, A. J. Olson,                                        #
# AutoDock Vina: improving the speed and accuracy of docking    #
# with a new scoring function, efficient optimization and       #
# multithreading, Journal of Computational Chemistry 31 (2010)  #
# 455-461                                                       #
#                                                               #
# DOI 10.1002/jcc.21334                                         #
#                                                               #
# Please see http://vina.scripps.edu for more information.      #
#################################################################

Reading input ... done.
Setting up the scoring function ... done.
Analyzing the binding site ... done.
Using random seed: 1288465300
Performing search ... done.
Refining results ... done.

mode |   affinity | dist from best mode
     | (kcal/mol) | rmsd l.b.| rmsd u.b.
-----+------------+----------+----------
   1         -3.8      0.000      0.000
   2         -3.8      2.027      2.850
   3         -3.7      1.336      2.027
   4         -3.7     11.981     12.707
   5         -3.6      2.402      3.071
   6         -3.6      2.087      2.392
   7         -3.5      2.094      3.959
   8         -3.4      9.851     10.665
   9         -3.3      1.389      1.980
Writing output ... done.
