#################################################################
# If you used AutoDock Vina in your work, please cite:          #
#                                                               #
# O. Trott, A. J. Olson,                                        #
# AutoDock Vina: improving the speed and accuracy of docking    #
# with a new scoring function, efficient optimization and       #
# multithreading, Journal of Computational Chemistry 31 (2010)  #
# 455-461                                                       #
#                                                               #
# DOI 10.1002/jcc.21334                                         #
#                                                               #
# Please see http://vina.scripps.edu for more information.      #
#################################################################

Reading input ... done.
Setting up the scoring function ... done.
Analyzing the binding site ... done.
Using random seed: -586339628
Performing search ... done.
Refining results ... done.

mode |   affinity | dist from best mode
     | (kcal/mol) | rmsd l.b.| rmsd u.b.
-----+------------+----------+----------
   1         -5.4      0.000      0.000
   2         -5.4      9.214     10.815
   3         -5.4     11.136     11.993
   4         -5.2     11.658     13.014
   5         -5.2     11.268     11.601
   6         -5.1      8.968     10.405
   7         -5.1      3.089      5.721
   8         -5.0      2.044      3.086
   9         -4.9      3.475      5.290
Writing output ... done.
