#################################################################
# If you used AutoDock Vina in your work, please cite:          #
#                                                               #
# O. Trott, A. J. Olson,                                        #
# AutoDock Vina: improving the speed and accuracy of docking    #
# with a new scoring function, efficient optimization and       #
# multithreading, Journal of Computational Chemistry 31 (2010)  #
# 455-461                                                       #
#                                                               #
# DOI 10.1002/jcc.21334                                         #
#                                                               #
# Please see http://vina.scripps.edu for more information.      #
#################################################################

Reading input ... done.
Setting up the scoring function ... done.
Analyzing the binding site ... done.
Using random seed: -672481816
Performing search ... done.
Refining results ... done.

mode |   affinity | dist from best mode
     | (kcal/mol) | rmsd l.b.| rmsd u.b.
-----+------------+----------+----------
   1         -7.1      0.000      0.000
   2         -7.0      0.600      2.595
   3         -6.5      2.304      3.121
   4         -6.3      2.347      2.603
   5         -6.1      1.900      3.273
   6         -5.9      3.194      4.916
   7         -5.8     10.884     11.935
   8         -5.8      3.241      4.952
   9         -5.7     10.447     12.289
Writing output ... done.
