#################################################################
# If you used AutoDock Vina in your work, please cite:          #
#                                                               #
# O. Trott, A. J. Olson,                                        #
# AutoDock Vina: improving the speed and accuracy of docking    #
# with a new scoring function, efficient optimization and       #
# multithreading, Journal of Computational Chemistry 31 (2010)  #
# 455-461                                                       #
#                                                               #
# DOI 10.1002/jcc.21334                                         #
#                                                               #
# Please see http://vina.scripps.edu for more information.      #
#################################################################

Reading input ... done.
Setting up the scoring function ... done.
Analyzing the binding site ... done.
Using random seed: 260148148
Performing search ... done.
Refining results ... done.

mode |   affinity | dist from best mode
     | (kcal/mol) | rmsd l.b.| rmsd u.b.
-----+------------+----------+----------
   1         -6.5      0.000      0.000
   2         -6.3      4.267      6.697
   3         -6.3      7.026      9.061
   4         -6.3      8.776     10.411
   5         -6.3      4.709      6.719
   6         -6.2      3.484      6.583
   7         -6.1     11.751     13.300
   8         -6.1      6.852      8.800
   9         -6.1      1.791      2.043
Writing output ... done.
